\BOOKMARK [0][-]{chapter*.1}{ACKNOWLEDGEMENTS}{}% 1
\BOOKMARK [0][-]{chapter*.2}{ABSTRACT}{}% 2
\BOOKMARK [0][-]{chapter*.4}{LIST OF TABLES}{}% 3
\BOOKMARK [0][-]{chapter*.5}{LIST OF FIGURES}{}% 4
\BOOKMARK [0][-]{chapter*.6}{ABBREVIATIONS}{}% 5
\BOOKMARK [0][-]{chapter.1}{INTRODUCTION}{}% 6
\BOOKMARK [1][-]{section.1.1}{Overview}{chapter.1}% 7
\BOOKMARK [1][-]{section.1.2}{Motivation}{chapter.1}% 8
\BOOKMARK [1][-]{section.1.3}{Major Contribution}{chapter.1}% 9
\BOOKMARK [1][-]{section.1.4}{Organization of Thesis}{chapter.1}% 10
\BOOKMARK [0][-]{chapter.2}{LITERATURE SURVEY}{}% 11
\BOOKMARK [1][-]{section.2.1}{Non Destructive Evaluation \(NDE\)}{chapter.2}% 12
\BOOKMARK [1][-]{section.2.2}{Thermography}{chapter.2}% 13
\BOOKMARK [2][-]{subsection.2.2.1}{Network Embedding with Deep Learning Techniques}{section.2.2}% 14
\BOOKMARK [1][-]{section.2.3}{Machine Learning}{chapter.2}% 15
\BOOKMARK [2][-]{subsection.2.3.1}{Support Vector Machines}{section.2.3}% 16
\BOOKMARK [2][-]{subsection.2.3.2}{Convolutional Neural Networks}{section.2.3}% 17
\BOOKMARK [2][-]{subsection.2.3.3}{Autoencoders}{section.2.3}% 18
\BOOKMARK [2][-]{subsection.2.3.4}{Segmentation / Object Detection / Object localization}{section.2.3}% 19
\BOOKMARK [0][-]{chapter.3}{DATASET}{}% 20
\BOOKMARK [0][-]{chapter.4}{CLASSIFICATION ON ATTRIBUTE}{}% 21
\BOOKMARK [1][-]{section.4.1}{Introduction}{chapter.4}% 22
\BOOKMARK [1][-]{section.4.2}{Related Work}{chapter.4}% 23
\BOOKMARK [1][-]{section.4.3}{Dataset}{chapter.4}% 24
\BOOKMARK [1][-]{section.4.4}{Denoising Autoencoder}{chapter.4}% 25
\BOOKMARK [1][-]{section.4.5}{Experimental Results}{chapter.4}% 26
\BOOKMARK [0][-]{chapter.5}{CLASSIFICATION ON STRUCTURAL INFORMATION}{}% 27
\BOOKMARK [1][-]{section.5.1}{Introduction}{chapter.5}% 28
\BOOKMARK [1][-]{section.5.2}{Related Work}{chapter.5}% 29
\BOOKMARK [1][-]{section.5.3}{Dataset}{chapter.5}% 30
\BOOKMARK [1][-]{section.5.4}{Model : Deepwalk \(tensorflow\)}{chapter.5}% 31
\BOOKMARK [1][-]{section.5.5}{Experimental Results}{chapter.5}% 32
\BOOKMARK [0][-]{chapter.6}{CLASSIFICATION ON ATTRIBUTE AND STRUCTURAL}{}% 33
\BOOKMARK [1][-]{section.6.1}{Introduction}{chapter.6}% 34
\BOOKMARK [1][-]{section.6.2}{Related Work}{chapter.6}% 35
\BOOKMARK [1][-]{section.6.3}{Dataset}{chapter.6}% 36
\BOOKMARK [1][-]{section.6.4}{Feature Selection}{chapter.6}% 37
\BOOKMARK [1][-]{section.6.5}{Song Summarization}{chapter.6}% 38
\BOOKMARK [1][-]{section.6.6}{Classifiers Used}{chapter.6}% 39
\BOOKMARK [1][-]{section.6.7}{Experimental Results}{chapter.6}% 40
\BOOKMARK [0][-]{chapter.7}{CONCLUSION AND FUTURE WORK}{}% 41
\BOOKMARK [1][-]{section.7.1}{Conclusion}{chapter.7}% 42
\BOOKMARK [1][-]{section.7.2}{Criticism and Possible Future Work}{chapter.7}% 43
\BOOKMARK [0][-]{appendix.A}{CLASSIFICATION AND FEATURE EXTRACTION TECHNIQUES USED}{}% 44
\BOOKMARK [1][-]{section.A.1}{Collective Classification}{appendix.A}% 45
\BOOKMARK [1][-]{section.A.2}{Classification Techniques}{appendix.A}% 46
\BOOKMARK [2][-]{subsection.A.2.1}{Logistic Regression}{section.A.2}% 47
